<?xml version="1.0" encoding="UTF-8"?>
<testng-results skipped="0" failed="1" ignored="0" total="4" passed="3">
  <reporter-output>
  </reporter-output>
  <suite name="Hub Spot Test Suite" duration-ms="140903" started-at="2019-11-10T07:43:10Z" finished-at="2019-11-10T07:45:31Z">
    <groups>
    </groups>
    <test name="hub spot regression Login Test" duration-ms="140903" started-at="2019-11-10T07:43:10Z" finished-at="2019-11-10T07:45:31Z">
      <class name="com.hub.testcases.Logintest">
        <test-method status="PASS" signature="setup()[pri:0, instance:com.hub.testcases.Logintest@78186a70]" name="setup" is-config="true" duration-ms="51401" started-at="2019-11-10T07:43:10Z" finished-at="2019-11-10T07:44:02Z">
          <reporter-output>
          </reporter-output>
        </test-method> <!-- setup -->
        <test-method status="PASS" signature="gettingtitle()[pri:1, instance:com.hub.testcases.Logintest@78186a70]" name="gettingtitle" duration-ms="586" started-at="2019-11-10T07:44:02Z" finished-at="2019-11-10T07:44:02Z">
          <reporter-output>
          </reporter-output>
        </test-method> <!-- gettingtitle -->
        <test-method status="PASS" signature="teardown()[pri:0, instance:com.hub.testcases.Logintest@78186a70]" name="teardown" is-config="true" duration-ms="1405" started-at="2019-11-10T07:44:02Z" finished-at="2019-11-10T07:44:04Z">
          <reporter-output>
          </reporter-output>
        </test-method> <!-- teardown -->
        <test-method status="PASS" signature="setup()[pri:0, instance:com.hub.testcases.Logintest@78186a70]" name="setup" is-config="true" duration-ms="22833" started-at="2019-11-10T07:44:04Z" finished-at="2019-11-10T07:44:26Z">
          <reporter-output>
          </reporter-output>
        </test-method> <!-- setup -->
        <test-method status="PASS" signature="login()[pri:2, instance:com.hub.testcases.Logintest@78186a70]" name="login" duration-ms="6596" started-at="2019-11-10T07:44:26Z" finished-at="2019-11-10T07:44:33Z">
          <reporter-output>
          </reporter-output>
        </test-method> <!-- login -->
        <test-method status="PASS" signature="teardown()[pri:0, instance:com.hub.testcases.Logintest@78186a70]" name="teardown" is-config="true" duration-ms="1397" started-at="2019-11-10T07:44:33Z" finished-at="2019-11-10T07:44:34Z">
          <reporter-output>
          </reporter-output>
        </test-method> <!-- teardown -->
        <test-method status="PASS" signature="setup()[pri:0, instance:com.hub.testcases.Logintest@78186a70]" name="setup" is-config="true" duration-ms="25823" started-at="2019-11-10T07:44:34Z" finished-at="2019-11-10T07:45:00Z">
          <reporter-output>
          </reporter-output>
        </test-method> <!-- setup -->
        <test-method status="FAIL" signature="signup()[pri:3, instance:com.hub.testcases.Logintest@78186a70]" name="signup" duration-ms="597" started-at="2019-11-10T07:45:00Z" finished-at="2019-11-10T07:45:01Z">
          <exception class="java.lang.AssertionError">
            <message>
              <![CDATA[expected [true] but found [false]]]>
            </message>
            <full-stacktrace>
              <![CDATA[java.lang.AssertionError: expected [true] but found [false]
at org.testng.Assert.fail(Assert.java:96)
at org.testng.Assert.failNotEquals(Assert.java:776)
at org.testng.Assert.assertTrue(Assert.java:44)
at org.testng.Assert.assertTrue(Assert.java:54)
at com.hub.testcases.Logintest.signup(Logintest.java:51)
at sun.reflect.NativeMethodAccessorImpl.invoke0(Native Method)
at sun.reflect.NativeMethodAccessorImpl.invoke(Unknown Source)
at sun.reflect.DelegatingMethodAccessorImpl.invoke(Unknown Source)
at java.lang.reflect.Method.invoke(Unknown Source)
at org.testng.internal.MethodInvocationHelper.invokeMethod(MethodInvocationHelper.java:124)
at org.testng.internal.Invoker.invokeMethod(Invoker.java:583)
at org.testng.internal.Invoker.invokeTestMethod(Invoker.java:719)
at org.testng.internal.Invoker.invokeTestMethods(Invoker.java:989)
at org.testng.internal.TestMethodWorker.invokeTestMethods(TestMethodWorker.java:125)
at org.testng.internal.TestMethodWorker.run(TestMethodWorker.java:109)
at org.testng.TestRunner.privateRun(TestRunner.java:648)
at org.testng.TestRunner.run(TestRunner.java:505)
at org.testng.SuiteRunner.runTest(SuiteRunner.java:455)
at org.testng.SuiteRunner.runSequentially(SuiteRunner.java:450)
at org.testng.SuiteRunner.privateRun(SuiteRunner.java:415)
at org.testng.SuiteRunner.run(SuiteRunner.java:364)
at org.testng.SuiteRunnerWorker.runSuite(SuiteRunnerWorker.java:52)
at org.testng.SuiteRunnerWorker.run(SuiteRunnerWorker.java:84)
at org.testng.TestNG.runSuitesSequentially(TestNG.java:1208)
at org.testng.TestNG.runSuitesLocally(TestNG.java:1137)
at org.testng.TestNG.runSuites(TestNG.java:1049)
at org.testng.TestNG.run(TestNG.java:1017)
at org.testng.remote.AbstractRemoteTestNG.run(AbstractRemoteTestNG.java:114)
at org.testng.remote.RemoteTestNG.initAndRun(RemoteTestNG.java:251)
at org.testng.remote.RemoteTestNG.main(RemoteTestNG.java:77)
]]>
            </full-stacktrace>
          </exception> <!-- java.lang.AssertionError -->
          <reporter-output>
          </reporter-output>
        </test-method> <!-- signup -->
        <test-method status="PASS" signature="teardown()[pri:0, instance:com.hub.testcases.Logintest@78186a70]" name="teardown" is-config="true" duration-ms="1328" started-at="2019-11-10T07:45:01Z" finished-at="2019-11-10T07:45:02Z">
          <reporter-output>
          </reporter-output>
        </test-method> <!-- teardown -->
        <test-method status="PASS" signature="setup()[pri:0, instance:com.hub.testcases.Logintest@78186a70]" name="setup" is-config="true" duration-ms="27036" started-at="2019-11-10T07:45:02Z" finished-at="2019-11-10T07:45:29Z">
          <reporter-output>
          </reporter-output>
        </test-method> <!-- setup -->
        <test-method status="PASS" signature="privacylink()[pri:4, instance:com.hub.testcases.Logintest@78186a70]" name="privacylink" duration-ms="439" started-at="2019-11-10T07:45:29Z" finished-at="2019-11-10T07:45:30Z">
          <reporter-output>
          </reporter-output>
        </test-method> <!-- privacylink -->
        <test-method status="PASS" signature="teardown()[pri:0, instance:com.hub.testcases.Logintest@78186a70]" name="teardown" is-config="true" duration-ms="1271" started-at="2019-11-10T07:45:30Z" finished-at="2019-11-10T07:45:31Z">
          <reporter-output>
          </reporter-output>
        </test-method> <!-- teardown -->
      </class> <!-- com.hub.testcases.Logintest -->
    </test> <!-- hub spot regression Login Test -->
  </suite> <!-- Hub Spot Test Suite -->
</testng-results>
