<?xml version="1.0" encoding="UTF-8"?>
<!-- Generated by org.testng.reporters.JUnitXMLReporter -->
<testsuite hostname="LAPTOP-EL8R5NGD" ignored="0" name="hub spot regression Test" tests="4" failures="1" timestamp="22 Oct 2019 20:58:14 GMT" time="77.445" errors="0">
  <testcase name="gettingtitle" time="0.047" classname="com.hub.testcases.Logintest"/>
  <testcase name="login" time="5.639" classname="com.hub.testcases.Logintest"/>
  <testcase name="signup" time="0.165" classname="com.hub.testcases.Logintest">
    <failure type="java.lang.AssertionError" message="expected [true] but found [false]">
      <![CDATA[java.lang.AssertionError: expected [true] but found [false]
at com.hub.testcases.Logintest.signup(Logintest.java:51)
... Removed 29 stack frames]]>
    </failure>
  </testcase> <!-- signup -->
  <testcase name="privacylink" time="0.184" classname="com.hub.testcases.Logintest"/>
</testsuite> <!-- hub spot regression Test -->
